Mar 14 20:03 : exception: Failed to open '/home/kina/.config/mpd/mpdstate': No such file or directory
WARNING: Unhandled message: interface=org.freedesktop.DBus, path=/org/freedesktop/DBus, member=ActivatableServicesChanged
WARNING: Unhandled message: interface=org.freedesktop.DBus, path=/org/freedesktop/DBus, member=ActivatableServicesChanged
WARNING: Unhandled message: interface=org.freedesktop.DBus, path=/org/freedesktop/DBus, member=ActivatableServicesChanged
WARNING: Unhandled message: interface=org.freedesktop.DBus, path=/org/freedesktop/DBus, member=ActivatableServicesChanged
WARNING: Unhandled message: interface=org.freedesktop.DBus, path=/org/freedesktop/DBus, member=ActivatableServicesChanged
WARNING: Unhandled message: interface=org.freedesktop.DBus, path=/org/freedesktop/DBus, member=ActivatableServicesChanged
WARNING: Unhandled message: interface=org.freedesktop.DBus, path=/org/freedesktop/DBus, member=ActivatableServicesChanged
WARNING: Unhandled message: interface=org.freedesktop.DBus, path=/org/freedesktop/DBus, member=ActivatableServicesChanged
WARNING: Unhandled message: interface=org.freedesktop.DBus, path=/org/freedesktop/DBus, member=ActivatableServicesChanged
WARNING: Unhandled message: interface=org.freedesktop.DBus, path=/org/freedesktop/DBus, member=ActivatableServicesChanged
WARNING: Unhandled message: interface=org.freedesktop.DBus, path=/org/freedesktop/DBus, member=ActivatableServicesChanged
WARNING: Unhandled message: interface=org.freedesktop.DBus, path=/org/freedesktop/DBus, member=ActivatableServicesChanged
WARNING: Unhandled message: interface=org.freedesktop.DBus, path=/org/freedesktop/DBus, member=ActivatableServicesChanged
WARNING: Unhandled message: interface=org.freedesktop.DBus, path=/org/freedesktop/DBus, member=ActivatableServicesChanged
WARNING: Unhandled message: interface=org.freedesktop.DBus, path=/org/freedesktop/DBus, member=ActivatableServicesChanged
WARNING: Unhandled message: interface=org.freedesktop.DBus, path=/org/freedesktop/DBus, member=ActivatableServicesChanged
WARNING: Unhandled message: interface=org.freedesktop.DBus, path=/org/freedesktop/DBus, member=ActivatableServicesChanged
WARNING: Unhandled message: interface=org.freedesktop.DBus, path=/org/freedesktop/DBus, member=ActivatableServicesChanged
WARNING: Unhandled message: interface=org.freedesktop.DBus, path=/org/freedesktop/DBus, member=ActivatableServicesChanged
WARNING: Unhandled message: interface=org.freedesktop.DBus, path=/org/freedesktop/DBus, member=ActivatableServicesChanged
WARNING: Unhandled message: interface=org.freedesktop.DBus, path=/org/freedesktop/DBus, member=ActivatableServicesChanged
WARNING: Unhandled message: interface=org.freedesktop.DBus, path=/org/freedesktop/DBus, member=ActivatableServicesChanged
WARNING: Unhandled message: interface=org.freedesktop.DBus, path=/org/freedesktop/DBus, member=ActivatableServicesChanged
WARNING: Unhandled message: interface=org.freedesktop.DBus, path=/org/freedesktop/DBus, member=ActivatableServicesChanged
WARNING: Unhandled message: interface=org.freedesktop.DBus, path=/org/freedesktop/DBus, member=ActivatableServicesChanged
WARNING: Unhandled message: interface=org.freedesktop.DBus, path=/org/freedesktop/DBus, member=ActivatableServicesChanged
WARNING: Unhandled message: interface=org.freedesktop.DBus, path=/org/freedesktop/DBus, member=ActivatableServicesChanged
WARNING: Unhandled message: interface=org.freedesktop.DBus, path=/org/freedesktop/DBus, member=ActivatableServicesChanged
WARNING: Unhandled message: interface=org.freedesktop.DBus, path=/org/freedesktop/DBus, member=ActivatableServicesChanged
WARNING: Unhandled message: interface=org.freedesktop.DBus, path=/org/freedesktop/DBus, member=ActivatableServicesChanged
WARNING: Unhandled message: interface=org.freedesktop.DBus, path=/org/freedesktop/DBus, member=ActivatableServicesChanged
WARNING: Unhandled message: interface=org.freedesktop.DBus, path=/org/freedesktop/DBus, member=ActivatableServicesChanged
WARNING: Unhandled message: interface=org.freedesktop.DBus, path=/org/freedesktop/DBus, member=ActivatableServicesChanged
WARNING: Unhandled message: interface=org.freedesktop.DBus, path=/org/freedesktop/DBus, member=ActivatableServicesChanged
WARNING: Unhandled message: interface=org.freedesktop.DBus, path=/org/freedesktop/DBus, member=ActivatableServicesChanged
WARNING: Unhandled message: interface=org.freedesktop.DBus, path=/org/freedesktop/DBus, member=ActivatableServicesChanged
WARNING: Unhandled message: interface=org.freedesktop.DBus, path=/org/freedesktop/DBus, member=ActivatableServicesChanged
WARNING: Unhandled message: interface=org.freedesktop.DBus, path=/org/freedesktop/DBus, member=ActivatableServicesChanged
WARNING: Unhandled message: interface=org.freedesktop.DBus, path=/org/freedesktop/DBus, member=ActivatableServicesChanged
WARNING: Unhandled message: interface=org.freedesktop.DBus, path=/org/freedesktop/DBus, member=ActivatableServicesChanged
WARNING: Unhandled message: interface=org.freedesktop.DBus, path=/org/freedesktop/DBus, member=ActivatableServicesChanged
WARNING: Unhandled message: interface=org.freedesktop.DBus, path=/org/freedesktop/DBus, member=ActivatableServicesChanged
WARNING: Unhandled message: interface=org.freedesktop.DBus, path=/org/freedesktop/DBus, member=ActivatableServicesChanged
WARNING: Unhandled message: interface=org.freedesktop.DBus, path=/org/freedesktop/DBus, member=ActivatableServicesChanged
WARNING: Unhandled message: interface=org.freedesktop.DBus, path=/org/freedesktop/DBus, member=ActivatableServicesChanged
WARNING: Unhandled message: interface=org.freedesktop.DBus, path=/org/freedesktop/DBus, member=ActivatableServicesChanged
WARNING: Unhandled message: interface=org.freedesktop.DBus, path=/org/freedesktop/DBus, member=ActivatableServicesChanged
WARNING: Unhandled message: interface=org.freedesktop.DBus, path=/org/freedesktop/DBus, member=ActivatableServicesChanged
WARNING: Unhandled message: interface=org.freedesktop.DBus, path=/org/freedesktop/DBus, member=ActivatableServicesChanged
WARNING: Unhandled message: interface=org.freedesktop.DBus, path=/org/freedesktop/DBus, member=ActivatableServicesChanged
WARNING: Unhandled message: interface=org.freedesktop.DBus, path=/org/freedesktop/DBus, member=ActivatableServicesChanged
WARNING: Unhandled message: interface=org.freedesktop.DBus, path=/org/freedesktop/DBus, member=ActivatableServicesChanged
WARNING: Unhandled message: interface=org.freedesktop.DBus, path=/org/freedesktop/DBus, member=ActivatableServicesChanged
WARNING: Unhandled message: interface=org.freedesktop.DBus, path=/org/freedesktop/DBus, member=ActivatableServicesChanged
WARNING: Unhandled message: interface=org.freedesktop.DBus, path=/org/freedesktop/DBus, member=ActivatableServicesChanged
WARNING: Unhandled message: interface=org.freedesktop.DBus, path=/org/freedesktop/DBus, member=ActivatableServicesChanged
WARNING: Unhandled message: interface=org.freedesktop.DBus, path=/org/freedesktop/DBus, member=ActivatableServicesChanged
WARNING: Unhandled message: interface=org.freedesktop.DBus, path=/org/freedesktop/DBus, member=ActivatableServicesChanged
WARNING: Unhandled message: interface=org.freedesktop.DBus, path=/org/freedesktop/DBus, member=ActivatableServicesChanged
WARNING: Unhandled message: interface=org.freedesktop.DBus, path=/org/freedesktop/DBus, member=ActivatableServicesChanged
WARNING: Unhandled message: interface=org.freedesktop.DBus, path=/org/freedesktop/DBus, member=ActivatableServicesChanged
WARNING: Unhandled message: interface=org.freedesktop.DBus, path=/org/freedesktop/DBus, member=ActivatableServicesChanged
WARNING: Unhandled message: interface=org.freedesktop.DBus, path=/org/freedesktop/DBus, member=ActivatableServicesChanged
WARNING: Unhandled message: interface=org.freedesktop.DBus, path=/org/freedesktop/DBus, member=ActivatableServicesChanged
WARNING: Unhandled message: interface=org.freedesktop.DBus, path=/org/freedesktop/DBus, member=ActivatableServicesChanged
WARNING: Unhandled message: interface=org.freedesktop.DBus, path=/org/freedesktop/DBus, member=ActivatableServicesChanged
WARNING: Unhandled message: interface=org.freedesktop.DBus, path=/org/freedesktop/DBus, member=ActivatableServicesChanged
WARNING: Unhandled message: interface=org.freedesktop.DBus, path=/org/freedesktop/DBus, member=ActivatableServicesChanged
WARNING: Unhandled message: interface=org.freedesktop.DBus, path=/org/freedesktop/DBus, member=ActivatableServicesChanged
WARNING: Unhandled message: interface=org.freedesktop.DBus, path=/org/freedesktop/DBus, member=ActivatableServicesChanged
WARNING: Unhandled message: interface=org.freedesktop.DBus, path=/org/freedesktop/DBus, member=ActivatableServicesChanged
WARNING: Unhandled message: interface=org.freedesktop.DBus, path=/org/freedesktop/DBus, member=ActivatableServicesChanged
WARNING: Unhandled message: interface=org.freedesktop.DBus, path=/org/freedesktop/DBus, member=ActivatableServicesChanged
WARNING: Unhandled message: interface=org.freedesktop.DBus, path=/org/freedesktop/DBus, member=ActivatableServicesChanged
WARNING: Unhandled message: interface=org.freedesktop.DBus, path=/org/freedesktop/DBus, member=ActivatableServicesChanged
WARNING: Unhandled message: interface=org.freedesktop.DBus, path=/org/freedesktop/DBus, member=ActivatableServicesChanged
WARNING: Unhandled message: interface=org.freedesktop.DBus, path=/org/freedesktop/DBus, member=ActivatableServicesChanged
WARNING: Unhandled message: interface=org.freedesktop.DBus, path=/org/freedesktop/DBus, member=ActivatableServicesChanged
WARNING: Unhandled message: interface=org.freedesktop.DBus, path=/org/freedesktop/DBus, member=ActivatableServicesChanged
WARNING: Unhandled message: interface=org.freedesktop.DBus, path=/org/freedesktop/DBus, member=ActivatableServicesChanged
WARNING: Unhandled message: interface=org.freedesktop.DBus, path=/org/freedesktop/DBus, member=ActivatableServicesChanged
WARNING: Unhandled message: interface=org.freedesktop.DBus, path=/org/freedesktop/DBus, member=ActivatableServicesChanged
WARNING: Unhandled message: interface=org.freedesktop.DBus, path=/org/freedesktop/DBus, member=ActivatableServicesChanged
WARNING: Unhandled message: interface=org.freedesktop.DBus, path=/org/freedesktop/DBus, member=ActivatableServicesChanged
WARNING: Unhandled message: interface=org.freedesktop.DBus, path=/org/freedesktop/DBus, member=ActivatableServicesChanged
WARNING: Unhandled message: interface=org.freedesktop.DBus, path=/org/freedesktop/DBus, member=ActivatableServicesChanged
WARNING: Unhandled message: interface=org.freedesktop.DBus, path=/org/freedesktop/DBus, member=ActivatableServicesChanged
WARNING: Unhandled message: interface=org.freedesktop.DBus, path=/org/freedesktop/DBus, member=ActivatableServicesChanged
WARNING: Unhandled message: interface=org.freedesktop.DBus, path=/org/freedesktop/DBus, member=ActivatableServicesChanged
WARNING: Unhandled message: interface=org.freedesktop.DBus, path=/org/freedesktop/DBus, member=ActivatableServicesChanged
WARNING: Unhandled message: interface=org.freedesktop.DBus, path=/org/freedesktop/DBus, member=ActivatableServicesChanged
WARNING: Unhandled message: interface=org.freedesktop.DBus, path=/org/freedesktop/DBus, member=ActivatableServicesChanged
WARNING: Unhandled message: interface=org.freedesktop.DBus, path=/org/freedesktop/DBus, member=ActivatableServicesChanged
WARNING: Unhandled message: interface=org.freedesktop.DBus, path=/org/freedesktop/DBus, member=ActivatableServicesChanged
WARNING: Unhandled message: interface=org.freedesktop.DBus, path=/org/freedesktop/DBus, member=ActivatableServicesChanged
WARNING: Unhandled message: interface=org.freedesktop.DBus, path=/org/freedesktop/DBus, member=ActivatableServicesChanged
WARNING: Unhandled message: interface=org.freedesktop.DBus, path=/org/freedesktop/DBus, member=ActivatableServicesChanged
WARNING: Unhandled message: interface=org.freedesktop.DBus, path=/org/freedesktop/DBus, member=ActivatableServicesChanged
WARNING: Unhandled message: interface=org.freedesktop.DBus, path=/org/freedesktop/DBus, member=ActivatableServicesChanged
WARNING: Unhandled message: interface=org.freedesktop.DBus, path=/org/freedesktop/DBus, member=ActivatableServicesChanged
WARNING: Unhandled message: interface=org.freedesktop.DBus, path=/org/freedesktop/DBus, member=ActivatableServicesChanged
WARNING: Unhandled message: interface=org.freedesktop.DBus, path=/org/freedesktop/DBus, member=ActivatableServicesChanged
WARNING: Unhandled message: interface=org.freedesktop.DBus, path=/org/freedesktop/DBus, member=ActivatableServicesChanged
WARNING: Unhandled message: interface=org.freedesktop.DBus, path=/org/freedesktop/DBus, member=ActivatableServicesChanged
WARNING: Unhandled message: interface=org.freedesktop.DBus, path=/org/freedesktop/DBus, member=ActivatableServicesChanged
WARNING: Unhandled message: interface=org.freedesktop.DBus, path=/org/freedesktop/DBus, member=ActivatableServicesChanged
WARNING: Unhandled message: interface=org.freedesktop.DBus, path=/org/freedesktop/DBus, member=ActivatableServicesChanged
WARNING: Unhandled message: interface=org.freedesktop.DBus, path=/org/freedesktop/DBus, member=ActivatableServicesChanged
WARNING: Unhandled message: interface=org.freedesktop.DBus, path=/org/freedesktop/DBus, member=ActivatableServicesChanged
WARNING: Unhandled message: interface=org.freedesktop.DBus, path=/org/freedesktop/DBus, member=ActivatableServicesChanged
WARNING: Unhandled message: interface=org.freedesktop.DBus, path=/org/freedesktop/DBus, member=ActivatableServicesChanged
WARNING: Unhandled message: interface=org.freedesktop.DBus, path=/org/freedesktop/DBus, member=ActivatableServicesChanged
WARNING: Unhandled message: interface=org.freedesktop.DBus, path=/org/freedesktop/DBus, member=ActivatableServicesChanged
WARNING: Unhandled message: interface=org.freedesktop.DBus, path=/org/freedesktop/DBus, member=ActivatableServicesChanged
WARNING: Unhandled message: interface=org.freedesktop.DBus, path=/org/freedesktop/DBus, member=ActivatableServicesChanged
WARNING: Unhandled message: interface=org.freedesktop.DBus, path=/org/freedesktop/DBus, member=ActivatableServicesChanged
WARNING: Unhandled message: interface=org.freedesktop.DBus, path=/org/freedesktop/DBus, member=ActivatableServicesChanged
WARNING: Unhandled message: interface=org.freedesktop.DBus, path=/org/freedesktop/DBus, member=ActivatableServicesChanged
WARNING: Unhandled message: interface=org.freedesktop.DBus, path=/org/freedesktop/DBus, member=ActivatableServicesChanged
WARNING: Unhandled message: interface=org.freedesktop.DBus, path=/org/freedesktop/DBus, member=ActivatableServicesChanged
WARNING: Unhandled message: interface=org.freedesktop.DBus, path=/org/freedesktop/DBus, member=ActivatableServicesChanged
WARNING: Unhandled message: interface=org.freedesktop.DBus, path=/org/freedesktop/DBus, member=ActivatableServicesChanged
WARNING: Unhandled message: interface=org.freedesktop.DBus, path=/org/freedesktop/DBus, member=ActivatableServicesChanged
WARNING: Unhandled message: interface=org.freedesktop.DBus, path=/org/freedesktop/DBus, member=ActivatableServicesChanged
WARNING: Unhandled message: interface=org.freedesktop.DBus, path=/org/freedesktop/DBus, member=ActivatableServicesChanged
WARNING: Unhandled message: interface=org.freedesktop.DBus, path=/org/freedesktop/DBus, member=ActivatableServicesChanged
WARNING: Unhandled message: interface=org.freedesktop.DBus, path=/org/freedesktop/DBus, member=ActivatableServicesChanged
WARNING: Unhandled message: interface=org.freedesktop.DBus, path=/org/freedesktop/DBus, member=ActivatableServicesChanged
WARNING: Unhandled message: interface=org.freedesktop.DBus, path=/org/freedesktop/DBus, member=ActivatableServicesChanged
WARNING: Unhandled message: interface=org.freedesktop.DBus, path=/org/freedesktop/DBus, member=ActivatableServicesChanged
WARNING: Unhandled message: interface=org.freedesktop.DBus, path=/org/freedesktop/DBus, member=ActivatableServicesChanged
WARNING: Unhandled message: interface=org.freedesktop.DBus, path=/org/freedesktop/DBus, member=ActivatableServicesChanged
WARNING: Unhandled message: interface=org.freedesktop.DBus, path=/org/freedesktop/DBus, member=ActivatableServicesChanged
WARNING: Unhandled message: interface=org.freedesktop.DBus, path=/org/freedesktop/DBus, member=ActivatableServicesChanged
WARNING: Unhandled message: interface=org.freedesktop.DBus, path=/org/freedesktop/DBus, member=ActivatableServicesChanged
WARNING: Unhandled message: interface=org.freedesktop.DBus, path=/org/freedesktop/DBus, member=ActivatableServicesChanged
WARNING: Unhandled message: interface=org.freedesktop.DBus, path=/org/freedesktop/DBus, member=ActivatableServicesChanged
WARNING: Unhandled message: interface=org.freedesktop.DBus, path=/org/freedesktop/DBus, member=ActivatableServicesChanged
WARNING: Unhandled message: interface=org.freedesktop.DBus, path=/org/freedesktop/DBus, member=ActivatableServicesChanged
WARNING: Unhandled message: interface=org.freedesktop.DBus, path=/org/freedesktop/DBus, member=ActivatableServicesChanged
WARNING: Unhandled message: interface=org.freedesktop.DBus, path=/org/freedesktop/DBus, member=ActivatableServicesChanged
WARNING: Unhandled message: interface=org.freedesktop.DBus, path=/org/freedesktop/DBus, member=ActivatableServicesChanged
WARNING: Unhandled message: interface=org.freedesktop.DBus, path=/org/freedesktop/DBus, member=ActivatableServicesChanged
WARNING: Unhandled message: interface=org.freedesktop.DBus, path=/org/freedesktop/DBus, member=ActivatableServicesChanged
WARNING: Unhandled message: interface=org.freedesktop.DBus, path=/org/freedesktop/DBus, member=ActivatableServicesChanged
WARNING: Unhandled message: interface=org.freedesktop.DBus, path=/org/freedesktop/DBus, member=ActivatableServicesChanged
WARNING: Unhandled message: interface=org.freedesktop.DBus, path=/org/freedesktop/DBus, member=ActivatableServicesChanged
WARNING: Unhandled message: interface=org.freedesktop.DBus, path=/org/freedesktop/DBus, member=ActivatableServicesChanged
WARNING: Unhandled message: interface=org.freedesktop.DBus, path=/org/freedesktop/DBus, member=ActivatableServicesChanged
WARNING: Unhandled message: interface=org.freedesktop.DBus, path=/org/freedesktop/DBus, member=ActivatableServicesChanged
WARNING: Unhandled message: interface=org.freedesktop.DBus, path=/org/freedesktop/DBus, member=ActivatableServicesChanged
WARNING: Unhandled message: interface=org.freedesktop.DBus, path=/org/freedesktop/DBus, member=ActivatableServicesChanged
WARNING: Unhandled message: interface=org.freedesktop.DBus, path=/org/freedesktop/DBus, member=ActivatableServicesChanged
WARNING: Unhandled message: interface=org.freedesktop.DBus, path=/org/freedesktop/DBus, member=ActivatableServicesChanged
WARNING: Unhandled message: interface=org.freedesktop.DBus, path=/org/freedesktop/DBus, member=ActivatableServicesChanged
WARNING: Unhandled message: interface=org.freedesktop.DBus, path=/org/freedesktop/DBus, member=ActivatableServicesChanged
WARNING: Unhandled message: interface=org.freedesktop.DBus, path=/org/freedesktop/DBus, member=ActivatableServicesChanged
WARNING: Unhandled message: interface=org.freedesktop.DBus, path=/org/freedesktop/DBus, member=ActivatableServicesChanged
WARNING: Unhandled message: interface=org.freedesktop.DBus, path=/org/freedesktop/DBus, member=ActivatableServicesChanged
WARNING: Unhandled message: interface=org.freedesktop.DBus, path=/org/freedesktop/DBus, member=ActivatableServicesChanged
WARNING: Unhandled message: interface=org.freedesktop.DBus, path=/org/freedesktop/DBus, member=ActivatableServicesChanged
WARNING: Unhandled message: interface=org.freedesktop.DBus, path=/org/freedesktop/DBus, member=ActivatableServicesChanged
WARNING: Unhandled message: interface=org.freedesktop.DBus, path=/org/freedesktop/DBus, member=ActivatableServicesChanged
WARNING: Unhandled message: interface=org.freedesktop.DBus, path=/org/freedesktop/DBus, member=ActivatableServicesChanged
WARNING: Unhandled message: interface=org.freedesktop.DBus, path=/org/freedesktop/DBus, member=ActivatableServicesChanged
WARNING: Unhandled message: interface=org.freedesktop.DBus, path=/org/freedesktop/DBus, member=ActivatableServicesChanged
WARNING: Unhandled message: interface=org.freedesktop.DBus, path=/org/freedesktop/DBus, member=ActivatableServicesChanged
WARNING: Unhandled message: interface=org.freedesktop.DBus, path=/org/freedesktop/DBus, member=ActivatableServicesChanged
WARNING: Unhandled message: interface=org.freedesktop.DBus, path=/org/freedesktop/DBus, member=ActivatableServicesChanged
WARNING: Unhandled message: interface=org.freedesktop.DBus, path=/org/freedesktop/DBus, member=ActivatableServicesChanged
WARNING: Unhandled message: interface=org.freedesktop.DBus, path=/org/freedesktop/DBus, member=ActivatableServicesChanged
WARNING: Unhandled message: interface=org.freedesktop.DBus, path=/org/freedesktop/DBus, member=ActivatableServicesChanged
WARNING: Unhandled message: interface=org.freedesktop.DBus, path=/org/freedesktop/DBus, member=ActivatableServicesChanged
WARNING: Unhandled message: interface=org.freedesktop.DBus, path=/org/freedesktop/DBus, member=ActivatableServicesChanged
WARNING: Unhandled message: interface=org.freedesktop.DBus, path=/org/freedesktop/DBus, member=ActivatableServicesChanged
WARNING: Unhandled message: interface=org.freedesktop.DBus, path=/org/freedesktop/DBus, member=ActivatableServicesChanged
WARNING: Unhandled message: interface=org.freedesktop.DBus, path=/org/freedesktop/DBus, member=ActivatableServicesChanged
WARNING: Unhandled message: interface=org.freedesktop.DBus, path=/org/freedesktop/DBus, member=ActivatableServicesChanged
WARNING: Unhandled message: interface=org.freedesktop.DBus, path=/org/freedesktop/DBus, member=ActivatableServicesChanged
WARNING: Unhandled message: interface=org.freedesktop.DBus, path=/org/freedesktop/DBus, member=ActivatableServicesChanged
WARNING: Unhandled message: interface=org.freedesktop.DBus, path=/org/freedesktop/DBus, member=ActivatableServicesChanged
WARNING: Unhandled message: interface=org.freedesktop.DBus, path=/org/freedesktop/DBus, member=ActivatableServicesChanged
2025-08-30T18:16:39 exception: Failed to access /home/kina/Music: No such file or directory
2025-08-30T18:16:39 exception: inotify_add_watch("/home/kina/Music") failed: No such file or directory
2025-08-30T18:17:19 exception: inotify_add_watch("/home/kina/Music") failed: No such file or directory
2025-08-30T18:34:23 update: added spotify/塞壬唱片-MSR, DJ Okawari, Stephanie - Your Star.mp3
2025-08-30T18:34:23 update: added spotify/RSP - Yasashii Uta.mp3
2025-08-30T18:34:23 update: added spotify/Molchat Doma - Клетка.mp3
2025-08-30T18:34:23 update: added spotify/MYTH & ROID - HYDRA.mp3
2025-08-30T18:34:23 update: added spotify/Ave Mujica - KiLLKiSS.mp3
2025-08-30T18:34:23 update: added spotify/Vicetone - Walk Thru Fire.mp3
2025-08-30T18:34:23 update: added spotify/Sam Hunt - Break Up In A Small Town.mp3
2025-08-30T18:34:23 update: added spotify/Lost Sky, Chris Linton - Fearless Pt. II.mp3
2025-08-30T18:34:23 update: added spotify/塞壬唱片-MSR, 山川恵津子, タイナカ彩智, Juno - 秋緒.mp3
2025-08-30T18:34:23 update: added spotify/MYTH & ROID - L.L.L..mp3
2025-08-30T18:34:23 update: added spotify/上田麗奈 - リテラチュア.mp3
2025-08-30T18:34:23 update: added spotify/Ave Mujica - 神さま、バカ.mp3
2025-08-30T18:34:23 update: added spotify/Z新豪, 洛天依 - 东京不太热.mp3
2025-08-30T18:34:23 update: added spotify/Ave Mujica - Georgette Me, Georgette You.mp3
2025-08-30T18:34:23 update: added spotify/Pink Floyd - Brain Damage.mp3
2025-08-30T18:34:23 update: added spotify/Dan Salvato - Doki Doki Literature Club!.mp3
2025-08-30T18:34:23 update: added spotify/MyGO!!!!! - 碧天伴走.mp3
2025-08-30T18:34:23 update: added spotify/Pink Floyd - Eclipse.mp3
2025-08-30T18:34:23 update: added spotify/TakaseToya, 野田愛実 - どうして (feat. 野田愛実).mp3
2025-08-30T18:34:23 update: added spotify/Pink Floyd - On the Run.mp3
2025-08-30T18:34:23 update: added spotify/Guns N' Roses - Sweet Child O' Mine.mp3
2025-08-30T18:34:23 update: added spotify/Danny Avila - End Of The Night.mp3
2025-08-30T18:34:23 update: added spotify/Ludwig van Beethoven, Mitsuko Uchida - 33 Variations in C Major, Op. 120 on a Waltz by Diabelli- Tema. Vivace.mp3
2025-08-30T18:34:23 update: added spotify/TOGENASHI TOGEARI - Wrong World.mp3
2025-08-30T18:34:23 update: added spotify/貴族音樂古典 - 鮑凱利尼- 小步舞曲.mp3
2025-08-30T18:34:23 update: added spotify/HOYO-MiX - Da Capo.mp3
2025-08-30T18:34:23 update: added spotify/Pink Floyd - Us and Them.mp3
2025-08-30T18:34:23 update: added spotify/Darin - Be What You Wanna Be.mp3
2025-08-30T18:34:23 update: added spotify/说说Crystal - 不问天.mp3
2025-08-30T18:34:23 update: added spotify/Ed Sheeran - Shape of You.mp3
2025-08-30T18:34:23 update: added spotify/beabadoobee - Coffee.mp3
2025-08-30T18:34:23 update: added spotify/MyGO!!!!! - 潜在表明.mp3
2025-08-30T18:34:23 update: added spotify/MYTH & ROID - STYX HELIX.mp3
2025-08-30T18:34:23 update: added spotify/Jonas Blue, RAYE - By Your Side.mp3
2025-08-30T18:34:23 update: added spotify/ヨルシカ - 斜陽.mp3
2025-08-30T18:34:23 update: added spotify/milet - Anytime Anywhere.mp3
2025-08-30T18:34:23 update: added spotify/The Beatles - Her Majesty - Remastered 2009.mp3
2025-08-30T18:34:23 update: added spotify/MyGO!!!!! - 春日影 (MyGO!!!!! ver.).mp3
2025-08-30T18:34:23 update: added spotify/MyGO!!!!! - 詩超絆.mp3
2025-08-30T18:34:23 update: added spotify/しゃろう - 3-03 PM.mp3
2025-08-30T18:34:23 update: added spotify/Goose house - 光るなら.mp3
2025-08-30T18:34:23 update: added spotify/Charli xcx, Lil Yachty - After the Afterparty (feat. Lil Yachty).mp3
2025-08-30T18:34:23 update: added spotify/Dan Salvato - Your Reality.mp3
2025-08-30T18:34:23 update: added spotify/儒烏風亭らでん - まいたけダンス.mp3
2025-08-30T18:34:23 update: added spotify/Noble Music Project - 巴哈- G大調小步舞曲.mp3
2025-08-30T18:34:23 update: added spotify/Zedd, Jon Bellion - Beautiful Now.mp3
2025-08-30T18:34:23 update: added spotify/Cash Cash, Sofía Reyes - How to Love (feat. Sofia Reyes).mp3
2025-08-30T18:34:23 update: added spotify/エノルミータ - とげとげサディスティック.mp3
2025-08-30T18:34:23 update: added spotify/HOYO-MiX, 黄龄 - TruE.mp3
2025-08-30T18:34:23 update: added spotify/UnicornPhantom - 独角.mp3
2025-08-30T18:34:23 update: added spotify/OxT - GO CRY GO.mp3
2025-08-30T18:34:23 update: added spotify/The Chainsmokers, Halsey - Closer.mp3
2025-08-30T18:34:23 mpg123: mpg123_getformat() failed: Message: I am done with this track.
2025-08-30T18:34:23 mpg123: mpg123_getformat() failed: Message: I am done with this track.
2025-08-30T18:34:23 ffmpeg/mp3: Format mp3 detected only with low score of 1, misdetection possible!
2025-08-30T18:34:23 ffmpeg/mp3: Failed to find two consecutive MPEG audio frames.
2025-08-30T18:34:23 update: added spotify/Pink Floyd - Breathe (In the Air).mp3
2025-08-30T18:34:23 update: added spotify/Selena Gomez, Marshmello - Wolves.mp3
2025-08-30T18:34:23 update: added spotify/街道办GDC, 欧阳耀莹 - 春娇与志明.mp3
2025-08-30T18:34:23 update: added spotify/49 - 薄荷水.mp3
2025-08-30T18:34:23 update: added spotify/Zhou Shen, HOYO-MiX, 宫奇 Gon - Rubia.mp3
2025-08-30T18:34:23 update: added spotify/The Chainsmokers, Coldplay - Something Just Like This.mp3
2025-08-30T18:34:23 update: added spotify/Henry Purcell, Jeanne Lamon, Tafelmusik Baroque Orchestra - Instrumental Music from The Indian Queen, Z. 630- 5. Hornpipe.mp3
2025-08-30T18:34:23 update: added spotify/Cash Cash, Christina Perri - Hero (feat. Christina Perri).mp3
2025-08-30T18:34:23 update: added spotify/Lulleaux, Kid Princess - Empty Love.mp3
2025-08-30T18:34:23 update: added spotify/The Beatles - Come Together - Remastered 2009.mp3
2025-08-30T18:34:23 update: added spotify/Pink Floyd - Speak to Me.mp3
2025-08-30T18:34:23 update: added spotify/en - 嚣张.mp3
2025-08-30T18:34:23 update: added spotify/許嵩 - 城府.mp3
2025-08-30T18:34:23 update: added spotify/Robin, HOYO-MiX, Chevy - Hope Is the Thing With Feathers.mp3
2025-08-30T18:34:23 update: added spotify/親親2o音樂LîvË【日系音樂】 - 一首好聽的日語歌《Yasashiiuta  優しい詩。》RSP【中日歌詞Lyrics】.mp3
2025-08-30T18:34:23 update: added spotify/JJ Lin, Charlene Choi - 小酒窩.mp3
2025-08-30T18:34:23 update: added spotify/MyGO!!!!! - 栞.mp3
2025-08-30T18:34:23 update: added spotify/The Beatles - Here Comes The Sun - Remastered 2009.mp3
2025-08-30T18:34:23 update: added spotify/Pink Floyd - The Great Gig in the Sky.mp3
2025-08-30T18:34:23 update: added spotify/bbno$, Ironmouse - 1-800.mp3
2025-08-30T18:34:23 update: added spotify/yung kai - blue.mp3
2025-08-30T18:34:23 update: added spotify/No Party For Cao Dong - 但.mp3
2025-08-30T18:34:23 update: added spotify/By2 - 湊熱鬧.mp3
2025-08-30T18:34:23 update: added spotify/Troye Sivan - Strawberries & Cigarettes.mp3
2025-08-30T18:34:23 update: added spotify/YOASOBI - Epilogue.mp3
2025-08-30T18:34:23 update: added spotify/EKKSTACY - i walk this earth all by myself.mp3
2025-08-30T18:34:23 update: added spotify/YOASOBI - Prologue.mp3
2025-08-30T18:34:23 update: added spotify/Bruno Mars - Marry You.mp3
2025-08-30T18:34:23 update: added spotify/塞壬唱片-MSR, DJ Okawari, Ai Ninomiya - Speed of Light.mp3
2025-08-30T18:34:23 update: added spotify/『ユイカ』 - 好きだから。.mp3
2025-08-30T18:34:23 update: added spotify/房東的貓 - 云烟成雨.mp3
2025-08-30T18:34:23 update: added spotify/TOGENASHI TOGEARI - Nameless Name.mp3
2025-08-30T18:34:23 update: added spotify/貴族音樂古典 - 巴哈- Ｇ大調第一號無伴奏大提琴組曲, BWV1007 第一樂章- 前奏曲.mp3
2025-08-30T18:34:23 update: added spotify/許嵩 - 有何不可.mp3
2025-08-30T18:34:23 update: added spotify/Pink Floyd - Money.mp3
2025-08-30T18:34:23 update: added spotify/Thimlife, Bibiane Z - Home.mp3
2025-08-30T18:34:23 update: added spotify/Raaban, Tungevaag, Luana Kiara - Bad Boy (feat. Luana Kiara).mp3
2025-08-30T18:34:23 update: added spotify/VC二次元मLY - 【洛天依原创】我的悲伤是水做的 【Luo Tianyi Original】Bad Bad Water.mp3
2025-08-30T18:34:23 update: added spotify/しゃろう - You and Me.mp3
2025-08-30T18:34:23 update: added spotify/貴族音樂古典 - 蕭邦- 夜曲.mp3
2025-08-30T18:34:23 update: added spotify/Yutaka Yamada - やわらかな光.mp3
2025-08-30T18:34:23 update: added spotify/Deep Chills, IVIE - Run Free.mp3
2025-08-30T18:34:23 update: added spotify/Zeraphym 六翼使徒 - Lifeline.mp3
2025-08-30T18:34:23 update: added spotify/Gloria Kim - Feelings.mp3
2025-08-30T18:34:23 update: added spotify/しがない高校生 - Moonlight.mp3
2025-08-30T18:34:23 update: added spotify/Anime Ringtones, Anytunz - Tabun たぶん - YOASOBI (Marimba Ringtone).mp3
2025-08-30T18:34:23 update: added spotify/HOYO-MiX, Hanser - Cyberangel - 遊戲《崩壞3》印象曲.mp3
2025-08-30T18:34:23 update: added spotify/shield000 - 【初音ミク】夕日坂 (附中文字幕).mp3
2025-08-30T18:34:23 update: added spotify/Dash Berlin, Bo Bruce - Coming Home.mp3
2025-08-30T18:34:23 update: added spotify/khxznq - why are you crying lain.mp3
2025-08-30T18:34:23 update: added spotify/corn wave - манго нектар.mp3
2025-08-30T18:34:23 update: added spotify/No Party For Cao Dong - 山海.mp3
2025-08-30T18:34:23 update: added spotify/しゃろう - 2-23 AM.mp3
2025-08-30T18:34:23 update: added spotify/Mike Perry, Casso - Inside the Lines.mp3
2025-08-30T18:34:23 update: added spotify/nonoc - Believe in you.mp3
2025-08-30T18:34:23 update: added spotify/qasharry - 春日影（Crychic Ver ）.mp3
2025-08-30T18:34:23 update: added spotify/Ave Mujica - 顔.mp3
2025-08-30T18:34:23 update: added spotify/beabadoobee - Beaches.mp3
2025-08-30T18:34:23 update: added spotify/Atarayo - 夏霞.mp3
2025-08-30T18:34:23 update: added spotify/Zedd, Alessia Cara - Stay.mp3
2025-08-30T18:34:23 update: added spotify/Carly Rae Jepsen - I Really Like You.mp3
2025-08-30T18:34:23 update: added spotify/Shinedown - How Did You Love.mp3
2025-08-30T18:34:23 update: added spotify/Pink Floyd - Time.mp3
2025-08-30T18:34:23 update: added spotify/LONGMAN - spiral.mp3
2025-08-30T18:34:23 update: added spotify/Hikaru Utada - Beautiful World.mp3
2025-08-30T18:34:23 update: added spotify/LE SSERAFIM - CRAZY.mp3
2025-08-30T18:34:23 update: added spotify/Pink Floyd - Any Colour You Like.mp3
2025-08-30T18:34:23 update: added spotify/前島麻由 - NO MAN'S DAWN.mp3
2025-08-30T18:34:23 update: added spotify/No Party For Cao Dong - 爛泥.mp3
2025-08-30T18:34:23 update: added spotify/Yitai Wang, 刘至佳 - 危险派对.mp3
2025-08-30T18:34:23 update: added spotify/Rival, CADMIUM, Harley Bird - Seasons.mp3
2025-08-30T18:34:23 update: added spotify/Ken Arai - NEXT TO YOU.mp3
2025-08-30T18:34:23 update: added spotify/OxT - HOLLOW HUNGER.mp3
2025-08-30T18:34:23 update: added spotify/The Beatles - In My Life - Remastered 2009.mp3
2025-08-30T18:34:23 update: added spotify/Lukas Graham - 7 Years.mp3
2025-08-30T18:34:23 update: added spotify/Sasha Alex Sloan, Charlie Puth - Is It Just Me (feat. Charlie Puth).mp3
2025-08-30T18:34:23 update: added spotify/こはならむ - 恋してる自分すら愛せるんだ.mp3
2025-08-30T18:34:23 update: added Telegram/草蜢 - 失恋阵线联盟FLAC.flac
2025-08-30T18:34:23 update: added Telegram/红色高跟鞋-蔡健雅.flac
2025-08-30T18:34:23 update: added Telegram/Christine welch-一百万个可能.flac
2025-08-30T18:34:23 update: added Telegram/Daniel Powter - Free Loop (Vocal Up Version).flac
2025-08-30T18:34:23 update: added Telegram/蔡依林、陶喆 - 今天你要嫁给我.ape
2025-08-30T18:34:23 update: added Telegram/淋雨一直走-张韶涵-4597352-2000.flac
2025-08-30T18:34:23 update: added Telegram/陈慧娴 - 千千阕歌.flac
2025-08-30T18:34:23 update: added Telegram/逃跑计划 - 夜空中最亮的星.flac
2025-08-30T18:34:23 update: added Telegram/去年夏天-王大毛-41369386-2000.flac
2025-08-30T18:34:23 update: added Telegram/侧脸-于果.flac
2025-08-30T18:34:23 update: added Telegram/刚好遇见你-李玉刚-9950164.flac
2025-08-30T18:34:23 update: added Telegram/漂洋过海来看你 - 刘明湘.flac
2025-08-30T18:34:23 update: added Telegram/买辣椒也用券 - 起风了.flac
2025-08-30T18:34:23 update: added Telegram/黄霄雲 - 星辰大海.flac
2025-08-30T18:34:23 update: added Telegram/程响 - 世界这么大还是遇见你.flac
2025-08-30T18:34:23 update: added Telegram/栀子花开-何炅-94343-2000.flac
2025-08-30T18:34:23 update: added Telegram/BY2 - 爱丫爱丫 [mqms2].flac
2025-08-30T18:39:32 mpg123: mpg123_getformat() failed: Message: I am done with this track.
2025-08-30T18:39:32 mpg123: mpg123_getformat() failed: Message: I am done with this track.
2025-08-30T18:39:32 ffmpeg/mp3: Format mp3 detected only with low score of 1, misdetection possible!
2025-08-30T18:39:32 ffmpeg/mp3: Failed to find two consecutive MPEG audio frames.
2025-08-30T18:39:33 mpg123: mpg123_getformat() failed: Message: I am done with this track.
2025-08-30T18:39:33 mpg123: mpg123_getformat() failed: Message: I am done with this track.
2025-08-30T18:39:33 ffmpeg/mp3: Format mp3 detected only with low score of 1, misdetection possible!
2025-08-30T18:39:33 ffmpeg/mp3: Failed to find two consecutive MPEG audio frames.
2025-08-30T18:39:34 mpg123: mpg123_getformat() failed: Message: I am done with this track.
2025-08-30T18:39:34 mpg123: mpg123_getformat() failed: Message: I am done with this track.
2025-08-30T18:39:34 ffmpeg/mp3: Format mp3 detected only with low score of 1, misdetection possible!
2025-08-30T18:39:34 ffmpeg/mp3: Failed to find two consecutive MPEG audio frames.
2025-08-30T18:39:37 mpg123: mpg123_getformat() failed: Message: I am done with this track.
2025-08-30T18:39:37 mpg123: mpg123_getformat() failed: Message: I am done with this track.
2025-08-30T18:39:37 ffmpeg/mp3: Format mp3 detected only with low score of 1, misdetection possible!
2025-08-30T18:39:37 ffmpeg/mp3: Failed to find two consecutive MPEG audio frames.
2025-08-30T18:39:37 mpg123: mpg123_getformat() failed: Message: I am done with this track.
2025-08-30T18:39:37 mpg123: mpg123_getformat() failed: Message: I am done with this track.
2025-08-30T18:39:37 ffmpeg/mp3: Format mp3 detected only with low score of 1, misdetection possible!
2025-08-30T18:39:37 ffmpeg/mp3: Failed to find two consecutive MPEG audio frames.
2025-08-30T18:40:41 mpg123: mpg123_getformat() failed: Message: I am done with this track.
2025-08-30T18:40:41 mpg123: mpg123_getformat() failed: Message: I am done with this track.
2025-08-30T18:40:41 ffmpeg/mp3: Format mp3 detected only with low score of 1, misdetection possible!
2025-08-30T18:40:41 ffmpeg/mp3: Failed to find two consecutive MPEG audio frames.
2025-08-30T18:41:26 mpg123: mpg123_getformat() failed: Message: I am done with this track.
2025-08-30T18:41:26 mpg123: mpg123_getformat() failed: Message: I am done with this track.
2025-08-30T18:41:26 ffmpeg/mp3: Format mp3 detected only with low score of 1, misdetection possible!
2025-08-30T18:41:26 ffmpeg/mp3: Failed to find two consecutive MPEG audio frames.
2025-08-30T18:41:27 mpg123: mpg123_getformat() failed: Message: I am done with this track.
2025-08-30T18:41:27 mpg123: mpg123_getformat() failed: Message: I am done with this track.
2025-08-30T18:41:27 ffmpeg/mp3: Format mp3 detected only with low score of 1, misdetection possible!
2025-08-30T18:41:27 ffmpeg/mp3: Failed to find two consecutive MPEG audio frames.
2025-08-30T18:41:30 mpg123: mpg123_getformat() failed: Message: I am done with this track.
2025-08-30T18:41:30 mpg123: mpg123_getformat() failed: Message: I am done with this track.
2025-08-30T18:41:30 ffmpeg/mp3: Format mp3 detected only with low score of 1, misdetection possible!
2025-08-30T18:41:30 ffmpeg/mp3: Failed to find two consecutive MPEG audio frames.
2025-08-30T18:41:51 mpg123: mpg123_getformat() failed: Message: I am done with this track.
2025-08-30T18:41:51 mpg123: mpg123_getformat() failed: Message: I am done with this track.
2025-08-30T18:41:51 ffmpeg/mp3: Format mp3 detected only with low score of 1, misdetection possible!
2025-08-30T18:41:51 ffmpeg/mp3: Failed to find two consecutive MPEG audio frames.
2025-08-30T18:43:16 mpg123: mpg123_getformat() failed: Message: I am done with this track.
2025-08-30T18:43:16 mpg123: mpg123_getformat() failed: Message: I am done with this track.
2025-08-30T18:43:16 ffmpeg/mp3: Format mp3 detected only with low score of 1, misdetection possible!
2025-08-30T18:43:16 ffmpeg/mp3: Failed to find two consecutive MPEG audio frames.
2025-08-30T18:43:16 mpg123: mpg123_getformat() failed: Message: I am done with this track.
2025-08-30T18:43:16 mpg123: mpg123_getformat() failed: Message: I am done with this track.
2025-08-30T18:43:16 ffmpeg/mp3: Format mp3 detected only with low score of 1, misdetection possible!
2025-08-30T18:43:16 ffmpeg/mp3: Failed to find two consecutive MPEG audio frames.
2025-08-30T18:43:16 mpg123: mpg123_getformat() failed: Message: I am done with this track.
2025-08-30T18:43:16 mpg123: mpg123_getformat() failed: Message: I am done with this track.
2025-08-30T18:43:16 ffmpeg/mp3: Format mp3 detected only with low score of 1, misdetection possible!
2025-08-30T18:43:16 ffmpeg/mp3: Failed to find two consecutive MPEG audio frames.
2025-08-30T18:51:01 mpg123: mpg123_getformat() failed: Message: I am done with this track.
2025-08-30T18:51:01 mpg123: mpg123_getformat() failed: Message: I am done with this track.
2025-08-30T18:51:01 ffmpeg/mp3: Format mp3 detected only with low score of 1, misdetection possible!
2025-08-30T18:51:01 ffmpeg/mp3: Failed to find two consecutive MPEG audio frames.
2025-08-30T18:51:48 player: played "spotify/Anime Ringtones, Anytunz - Tabun たぶん - YOASOBI (Marimba Ringtone).mp3"
2025-08-30T18:55:47 player: played "spotify/Ed Sheeran - Shape of You.mp3"
2025-08-30T19:02:03 player: played "spotify/LONGMAN - spiral.mp3"
2025-08-30T19:05:10 player: played "spotify/TakaseToya, 野田愛実 - どうして (feat. 野田愛実).mp3"
2025-08-30T19:18:21 player: played "spotify/しゃろう - 2-23 AM.mp3"
2025-08-30T19:18:58 output: Failed to play on "PipeWire Sound Server" (pipewire): connection error
2025-09-03T18:48:22 player: played "spotify/说说Crystal - 不问天.mp3"
2025-09-03T18:54:15 flac: FLAC__STREAM_DECODER_ERROR_STATUS_LOST_SYNC
2025-09-03T18:54:56 player: played "Telegram/红色高跟鞋-蔡健雅.flac"
2025-09-03T19:00:03 flac: FLAC__STREAM_DECODER_ERROR_STATUS_LOST_SYNC
2025-09-03T19:00:22 player: played "Telegram/买辣椒也用券 - 起风了.flac"
2025-09-03T19:04:15 player: played "spotify/Ed Sheeran - Shape of You.mp3"
2025-09-03T19:07:43 player: played "spotify/bbno$, Ironmouse - 1-800.mp3"
2025-09-03T19:12:54 player: played "spotify/MyGO!!!!! - 栞.mp3"
2025-09-03T19:15:23 player: played "spotify/No Party For Cao Dong - 爛泥.mp3"
2025-09-03T19:19:35 player: played "spotify/No Party For Cao Dong - 山海.mp3"
2025-09-03T19:43:35 pipewire_output: Decoder is too slow; playing silence to avoid xrun
2025-09-21T15:06:02 player: played "spotify/bbno$, Ironmouse - 1-800.mp3"
2025-09-27T13:35:12 exception: Failed to decode "/home/kina/Music/spotify/bbno$, Ironmouse - 1-800.mp3"; Failed to open "/home/kina/Music/spotify/bbno$, Ironmouse - 1-800.mp3": No such file or directory
2025-09-27T13:35:12 player: played "spotify/bbno$, Ironmouse - 1-800.mp3"
2025-09-27T13:35:12 exception: Failed to decode "/home/kina/Music/spotify/LONGMAN - spiral.mp3"; Failed to open "/home/kina/Music/spotify/LONGMAN - spiral.mp3": No such file or directory
2025-09-27T13:35:12 player: played "spotify/LONGMAN - spiral.mp3"
2025-09-27T13:35:12 exception: inotify_add_watch("/home/kina/Music") failed: No such file or directory
2025-09-27T13:35:57 exception: Failed to access /home/kina/Music: No such file or directory
2025-09-27T13:36:00 exception: Failed to access /home/kina/Music: No such file or directory
2025-09-27T13:36:00 exception: Failed to access /home/kina/Music: No such file or directory
2025-09-27T13:36:06 exception: Failed to access /home/kina/Music: No such file or directory
2025-09-27T13:36:34 update: added repeat/The Beatles - Hey Jude.flac
2025-09-27T13:36:34 update: added repeat/影色舞 - MyGO!!!!!.flac
2025-09-27T13:36:34 update: added repeat/Terror Jr - 3 Strikes.flac
2025-09-27T13:36:34 update: added repeat/Christine welch-一百万个可能.flac
2025-09-27T13:36:34 update: added repeat/使一颗心免于哀伤 - 知更鸟&HOYO-MiX&Chevy.flac
2025-09-27T13:36:34 update: added repeat/Daniel Powter - Free Loop (Vocal Up Version).flac
2025-09-27T13:36:34 update: added repeat/優しい詩。 - RSP.flac
2025-09-27T13:36:34 update: added repeat/洛天依 - 云上城堡.flac
2025-09-27T13:36:34 update: added repeat/Matte,Ember Island - Umbrella (Matte Remix).mp3
2025-09-27T13:36:34 update: added repeat/Sarah Brightman - Scarborough Fair.mp3
2025-09-27T13:36:34 update: added repeat/キラメキ - wacci.flac
2025-09-27T13:36:34 update: added repeat/ヰ世界情緒 - シリウスの心臓.mp3
2025-09-27T13:36:34 update: added repeat/Let It Be (Remastered) - The Beatles.flac
2025-09-27T13:36:34 update: added repeat/溯 (Reverse) - CORSAK胡梦周&马吟吟.flac
2025-09-27T13:36:34 update: added repeat/詩超絆 - MyGO!!!!!.flac
2025-09-27T13:36:34 update: added repeat/In My Life - The Beatles.flac
2025-09-27T13:36:34 update: added repeat/Asia D,JAMMERC - Polaris.flac
2025-09-27T13:36:34 update: added repeat/だんご大家族 - 茶太.flac
2025-09-27T13:36:34 update: added repeat/Yesterday - The Beatles.flac
2025-09-27T13:36:34 update: added repeat/逃跑计划 - 夜空中最亮的星.flac
2025-09-27T13:36:34 update: added repeat/草东没有派对 - 丑.flac
2025-09-27T13:36:34 update: added repeat/Ave Mujica - 顔.flac
2025-09-27T13:36:34 update: added repeat/ユイカ  - 好きだから.mp3
2025-09-27T13:36:34 update: added repeat/ChiliChill,洛天依 - 我的悲伤是水做的.flac
2025-09-27T13:36:34 update: added repeat/The Beatles - Oh! Darling (Remastered).flac
2025-09-27T13:36:34 update: added repeat/MyGO!!!!! - 栞.flac
2025-09-27T13:36:34 update: added repeat/Matisyahu - One Day.mp3
2025-09-27T13:36:34 update: added repeat/The Beatles - And I Love Her (Remastered).flac
2025-09-27T13:36:34 update: added repeat/Avril Lavigne - Sk8er Boi.flac
2025-09-27T13:36:34 update: added repeat/危险派对 - 王以太&刘至佳.flac
2025-09-27T13:36:34 update: added repeat/The Beatles - Something (Remastered).flac
2025-09-27T13:36:34 update: added repeat/深海少女 - のぶなが&ゆうゆ.flac
2025-09-27T13:36:34 update: added repeat/Post_Malone,Swae_Lee_Sunflower_Spider_Man_Into_the_Spide.flac
2025-09-27T13:36:34 update: added repeat/在银河中孤独摇摆 - 知更鸟&HOYO-MiX&Chevy.flac
2025-09-27T13:36:34 update: added repeat/希望有羽毛和翅膀 - 知更鸟&HOYO-MiX&Chevy.flac
2025-09-27T13:36:34 update: added repeat/MyGO!!!!!_春日影MyGO!!!!!_ver_.flac
2025-09-27T13:36:34 update: added repeat/Pink Floyd - The Dark Side of the Moon.flac
2025-09-27T13:36:34 update: added repeat/secret base ~君がくれたもの~ (10 years after Ver.) - 茅野愛衣&戸松遥&早見沙織.flac
2025-09-27T13:36:34 update: added repeat/神聖かまってちゃん_ロックンロールは鳴り止まないっ_2011_remaster.flac
2025-09-27T13:36:34 update: added repeat/草东没有派对 - 烂泥.flac
2025-09-27T13:36:34 update: added repeat/LONGMAN - spiral.mp3
2025-09-27T13:36:34 update: added repeat/若我不曾见过太阳 - 知更鸟&HOYO-MiX&Chevy.flac
2025-09-27T13:36:34 update: added repeat/草东没有派对 - 大风吹.flac
2025-09-27T13:36:34 update: added repeat/リテラチュア (文学) - 上田麗奈.mp3
2025-09-27T13:36:34 update: added repeat/GOING STEADY - 銀河鉄道の夜.flac
2025-09-27T13:36:34 update: added repeat/TYSM - Normal No More.flac
2025-09-27T13:36:34 update: added repeat/光るなら - Goose house.flac
2025-09-27T13:36:34 update: added repeat/迷星叫 - MyGO!!!!!.flac
2025-09-27T13:36:34 update: added repeat/Sweet Child O Mine - Guns N Roses.mp3
2025-09-27T13:36:34 update: added repeat/三亩地 - 城南花已开.flac
2025-09-27T13:36:34 mpg123: mpg123_getformat() failed: Message: I am done with this track.
2025-09-27T13:36:34 mpg123: mpg123_getformat() failed: Message: I am done with this track.
2025-09-27T13:36:34 ffmpeg/mp3: Format mp3 detected only with low score of 1, misdetection possible!
2025-09-27T13:36:34 ffmpeg/mp3: Failed to find two consecutive MPEG audio frames.
2025-09-27T13:38:27 player: played "spotify/しゃろう - 2-23 AM.mp3"
2025-09-27T13:42:44 player: played "repeat/Let It Be (Remastered) - The Beatles.flac"
2025-09-27T13:46:43 player: played "repeat/The Beatles - Hey Jude.flac"
2025-09-27T13:50:55 player: played "repeat/光るなら - Goose house.flac"
2025-09-27T13:54:15 player: played "repeat/TYSM - Normal No More.flac"
2025-09-27T13:57:41 player: played "repeat/Matisyahu - One Day.mp3"
2025-09-27T14:01:21 player: played "repeat/Asia D,JAMMERC - Polaris.flac"
2025-09-27T14:03:47 player: played "repeat/In My Life - The Beatles.flac"
2025-09-27T14:09:42 player: played "repeat/secret base ~君がくれたもの~ (10 years after Ver.) - 茅野愛衣&戸松遥&早見沙織.flac"
2025-09-27T14:12:20 player: played "repeat/Post_Malone,Swae_Lee_Sunflower_Spider_Man_Into_the_Spide.flac"
2025-09-27T14:14:48 player: played "repeat/LONGMAN - spiral.mp3"
2025-09-27T14:18:46 player: played "repeat/ChiliChill,洛天依 - 我的悲伤是水做的.flac"
2025-09-27T14:23:12 player: played "repeat/MyGO!!!!! - 栞.flac"
2025-09-27T14:26:24 player: played "repeat/溯 (Reverse) - CORSAK胡梦周&马吟吟.flac"
2025-09-27T14:28:55 player: played "repeat/迷星叫 - MyGO!!!!!.flac"
2025-09-27T14:32:49 player: played "repeat/ChiliChill,洛天依 - 我的悲伤是水做的.flac"
2025-09-27T14:35:34 player: played "repeat/ChiliChill,洛天依 - 我的悲伤是水做的.flac"
2025-09-27T14:37:17 player: played "repeat/ChiliChill,洛天依 - 我的悲伤是水做的.flac"
2025-09-27T14:39:01 player: played "repeat/ChiliChill,洛天依 - 我的悲伤是水做的.flac"
2025-09-27T14:39:20 player: played "repeat/ChiliChill,洛天依 - 我的悲伤是水做的.flac"
2025-09-27T14:43:18 player: played "repeat/ChiliChill,洛天依 - 我的悲伤是水做的.flac"
2025-09-27T14:47:45 player: played "repeat/MyGO!!!!! - 栞.flac"
2025-09-27T14:50:57 player: played "repeat/溯 (Reverse) - CORSAK胡梦周&马吟吟.flac"
2025-09-27T14:54:03 player: played "repeat/迷星叫 - MyGO!!!!!.flac"
2025-09-27T14:54:50 player: played "repeat/ChiliChill,洛天依 - 我的悲伤是水做的.flac"
2025-09-27T15:10:52 player: played "repeat/ChiliChill,洛天依 - 我的悲伤是水做的.flac"
2025-09-27T15:11:06 player: played "repeat/ChiliChill,洛天依 - 我的悲伤是水做的.flac"
2025-09-27T15:14:42 player: played "repeat/Post_Malone,Swae_Lee_Sunflower_Spider_Man_Into_the_Spide.flac"
2025-09-27T15:18:33 player: played "repeat/LONGMAN - spiral.mp3"
2025-09-27T15:23:13 player: played "repeat/ChiliChill,洛天依 - 我的悲伤是水做的.flac"
2025-09-27T15:27:39 player: played "repeat/MyGO!!!!! - 栞.flac"
2025-09-27T15:39:41 player: played "repeat/洛天依 - 云上城堡.flac"
2025-09-27T17:58:05 player: played "repeat/TYSM - Normal No More.flac"
2025-09-27T18:01:32 player: played "repeat/Matisyahu - One Day.mp3"
2025-09-27T18:05:11 player: played "repeat/Asia D,JAMMERC - Polaris.flac"
2025-09-27T18:10:31 player: played "repeat/だんご大家族 - 茶太.flac"
2025-09-27T18:14:31 player: played "repeat/リテラチュア (文学) - 上田麗奈.mp3"
2025-09-27T18:25:44 player: played "repeat/光るなら - Goose house.flac"
2025-09-27T18:28:10 player: played "repeat/In My Life - The Beatles.flac"
2025-09-27T18:34:06 player: played "repeat/secret base ~君がくれたもの~ (10 years after Ver.) - 茅野愛衣&戸松遥&早見沙織.flac"
2025-09-28T18:30:35 player: played "repeat/ユイカ  - 好きだから.mp3"
2025-09-28T18:33:57 player: played "repeat/使一颗心免于哀伤 - 知更鸟&HOYO-MiX&Chevy.flac"
2025-09-28T18:37:47 player: played "repeat/希望有羽毛和翅膀 - 知更鸟&HOYO-MiX&Chevy.flac"
2025-09-28T18:40:13 player: played "repeat/若我不曾见过太阳 - 知更鸟&HOYO-MiX&Chevy.flac"
2025-09-28T18:43:25 player: played "repeat/溯 (Reverse) - CORSAK胡梦周&马吟吟.flac"
2025-09-28T18:46:56 player: played "repeat/迷星叫 - MyGO!!!!!.flac"
2025-09-28T18:50:26 player: played "repeat/影色舞 - MyGO!!!!!.flac"
2025-09-28T18:54:44 player: played "repeat/MyGO!!!!!_春日影MyGO!!!!!_ver_.flac"
2025-09-29T13:48:52 player: played "repeat/キラメキ - wacci.flac"
2025-09-29T13:49:18 player: played "spotify/en - 嚣张.mp3"
2025-09-29T14:00:16 player: played "repeat/洛天依 - 云上城堡.flac"
2025-09-29T14:03:31 player: played "repeat/洛天依 - 云上城堡.flac"
2025-09-29T14:04:20 player: played "spotify/Troye Sivan - Strawberries & Cigarettes.mp3"
2025-09-29T17:39:12 player: played "spotify/VC二次元मLY - 【洛天依原创】我的悲伤是水做的 【Luo Tianyi Original】Bad Bad Water.mp3"
2025-09-29T17:42:27 player: played "spotify/Vicetone - Walk Thru Fire.mp3"
2025-09-29T17:45:27 player: played "spotify/Yitai Wang, 刘至佳 - 危险派对.mp3"
2025-09-29T17:46:18 player: played "spotify/YOASOBI - Epilogue.mp3"
2025-09-29T17:49:52 player: played "spotify/yung kai - blue.mp3"
2025-09-29T17:53:23 player: played "spotify/Zedd, Alessia Cara - Stay.mp3"
